Arguments: 
  /usr/local/bin/node /usr/local/Cellar/yarn/1.5.1/libexec/bin/yarn.js start

PATH: 
  /Users/jeff/.rvm/gems/ruby-2.6.1/bin:/Users/jeff/.rvm/gems/ruby-2.6.1@global/bin:/Users/jeff/.rvm/rubies/ruby-2.6.1/bin:/usr/local/opt/ruby/bin:/usr/local/Cellar/php71/7.1.12_23/bin:/Library/Frameworks/Python.framework/Versions/3.6/bin:/usr/local/bin:/usr/bin:/bin:/usr/sbin:/sbin:/Users/jeff/Documents/chromedriver:/opt/X11/bin:/Library/Frameworks/Mono.framework/Versions/Current/Commands:/Users/jeff/.rvm/bin

Yarn version: 
  1.5.1

Node version: 
  8.6.0

Platform: 
  darwin x64

npm manifest: 
  {
    "name": "primetime-api",
    "version": "1.0.0",
    "description": "",
    "main": "index.js",
    "scripts": {
      "test": "echo \"Error: no test specified\" && exit 1",
      "build": "rimraf dist/ && babel ./ --out-dir dist/ --ignore ./node_modules,./.babelrc,./package.json,./npm-debug.log --copy-files",
      "start": "npm run build && node dist/index.js"
    },
    "author": "",
    "license": "ISC",
    "dependencies": {
      "express": "^4.16.4",
      "morgan": "^1.9.1",
      "socket.io": "^2.2.0"
    },
    "devDependencies": {
      "babel-cli": "^6.26.0",
      "babel-preset-es2015": "^6.24.1",
      "rimraf": "^2.6.3"
    }
  }

yarn manifest: 
  No manifest

Lockfile: 
  No lockfile

Trace: 
  Error: Command failed.
  Exit code: 1
  Command: sh
  Arguments: -c npm run build && node dist/index.js
  Directory: /Users/jeff/Documents/GitHub/teamsocket-api
  Output:
  
      at ProcessTermError.MessageError (/usr/local/Cellar/yarn/1.5.1/libexec/lib/cli.js:186:110)
      at new ProcessTermError (/usr/local/Cellar/yarn/1.5.1/libexec/lib/cli.js:226:113)
      at ChildProcess.<anonymous> (/usr/local/Cellar/yarn/1.5.1/libexec/lib/cli.js:30281:17)
      at emitTwo (events.js:125:13)
      at ChildProcess.emit (events.js:213:7)
      at maybeClose (internal/child_process.js:927:16)
      at Process.ChildProcess._handle.onexit (internal/child_process.js:211:5)
